<?xml version="1.0" encoding="UTF-8" ?>
<testsuite tests="3" failures="0" name="org.jboss.as.quickstarts.wshelloworld.ClientTest" time="0.105" errors="0" skipped="0">
  <properties>
    <property name="java.runtime.name" value="Java(TM) SE Runtime Environment"/>
    <property name="sun.boot.library.path" value="C:\Program Files\Java\jdk1.8.0_45\jre\bin"/>
    <property name="java.vm.version" value="25.45-b02"/>
    <property name="java.vm.vendor" value="Oracle Corporation"/>
    <property name="java.vendor.url" value="http://java.oracle.com/"/>
    <property name="path.separator" value=";"/>
    <property name="java.vm.name" value="Java HotSpot(TM) 64-Bit Server VM"/>
    <property name="file.encoding.pkg" value="sun.io"/>
    <property name="user.script" value=""/>
    <property name="user.country" value="US"/>
    <property name="sun.java.launcher" value="SUN_STANDARD"/>
    <property name="sun.os.patch.level" value=""/>
    <property name="java.vm.specification.name" value="Java Virtual Machine Specification"/>
    <property name="user.dir" value="D:\eclipse-workspace\helloworld-ws"/>
    <property name="java.runtime.version" value="1.8.0_45-b15"/>
    <property name="java.awt.graphicsenv" value="sun.awt.Win32GraphicsEnvironment"/>
    <property name="basedir" value="D:\eclipse-workspace\helloworld-ws"/>
    <property name="java.endorsed.dirs" value="C:\Program Files\Java\jdk1.8.0_45\jre\lib\endorsed"/>
    <property name="os.arch" value="amd64"/>
    <property name="surefire.real.class.path" value="C:\Users\VA002150\AppData\Local\Temp\1\surefirebooter5932230192992031962.jar"/>
    <property name="java.io.tmpdir" value="C:\Users\VA002150\AppData\Local\Temp\1\"/>
    <property name="line.separator" value="
"/>
    <property name="java.vm.specification.vendor" value="Oracle Corporation"/>
    <property name="user.variant" value=""/>
    <property name="os.name" value="Windows Server 2012 R2"/>
    <property name="sun.jnu.encoding" value="Cp1252"/>
    <property name="java.library.path" value="C:\Program Files\Java\jdk1.8.0_45\jre\bin;C:\Windows\Sun\Java\bin;C:\Windows\system32;C:\Windows;C:/Program Files/Java/jre1.8.0_45/bin/server;C:/Program Files/Java/jre1.8.0_45/bin;C:/Program Files/Java/jre1.8.0_45/lib/amd64;C:\ProgramData\Oracle\Java\javapath;C:\Windows\system32;C:\Windows;C:\Windows\System32\Wbem;C:\Windows\System32\WindowsPowerShell\v1.0\;C:\Program Files\Citrix\System32\;C:\Program Files\Citrix\ICAService\;C:\Program Files\Citrix\Virtual Desktop Agent\;C:\Program Files (x86)\Microsoft SQL Server\Client SDK\ODBC\130\Tools\Binn\;C:\Program Files (x86)\Microsoft SQL Server\130\Tools\Binn\;C:\Program Files (x86)\Microsoft SQL Server\130\DTS\Binn\;C:\Program Files (x86)\Microsoft SQL Server\130\Tools\Binn\ManagementStudio\;C:\Program Files\TortoiseSVN\bin;D:\Git\cmd;C:\Program Files\SASHome\x86\Secure\ccme4;C:\Program Files\SASHome\Secure\ccme4;D:\Putty\;D:\Python\;C:\Users\VA002150\AppData\Local\Continuum\anaconda3;C:\Users\VA002150\AppData\Local\Continuum\anaconda3\Library\mingw-w64\bin;C:\Users\VA002150\AppData\Local\Continuum\anaconda3\Library\usr\bin;C:\Users\VA002150\AppData\Local\Continuum\anaconda3\Library\bin;C:\Users\VA002150\AppData\Local\Continuum\anaconda3\Scripts;C:\Windows\system32;;."/>
    <property name="surefire.test.class.path" value="D:\eclipse-workspace\helloworld-ws\target\test-classes;D:\eclipse-workspace\helloworld-ws\target\classes;D:\ExtractedSoftwares\.m2\repository\javax\enterprise\cdi-api\1.0-SP4\cdi-api-1.0-SP4.jar;D:\ExtractedSoftwares\.m2\repository\org\jboss\spec\javax\interceptor\jboss-interceptors-api_1.1_spec\1.0.1.Final-redhat-2\jboss-interceptors-api_1.1_spec-1.0.1.Final-redhat-2.jar;D:\ExtractedSoftwares\.m2\repository\javax\annotation\jsr250-api\1.0\jsr250-api-1.0.jar;D:\ExtractedSoftwares\.m2\repository\javax\inject\javax.inject\1\javax.inject-1.jar;D:\ExtractedSoftwares\.m2\repository\junit\junit\4.11\junit-4.11.jar;D:\ExtractedSoftwares\.m2\repository\org\hamcrest\hamcrest-core\1.3\hamcrest-core-1.3.jar;D:\ExtractedSoftwares\.m2\repository\org\jboss\arquillian\junit\arquillian-junit-container\1.0.3.Final\arquillian-junit-container-1.0.3.Final.jar;D:\ExtractedSoftwares\.m2\repository\org\jboss\arquillian\junit\arquillian-junit-core\1.0.3.Final\arquillian-junit-core-1.0.3.Final.jar;D:\ExtractedSoftwares\.m2\repository\org\jboss\arquillian\test\arquillian-test-api\1.0.3.Final\arquillian-test-api-1.0.3.Final.jar;D:\ExtractedSoftwares\.m2\repository\org\jboss\arquillian\core\arquillian-core-api\1.0.3.Final\arquillian-core-api-1.0.3.Final.jar;D:\ExtractedSoftwares\.m2\repository\org\jboss\arquillian\test\arquillian-test-spi\1.0.3.Final\arquillian-test-spi-1.0.3.Final.jar;D:\ExtractedSoftwares\.m2\repository\org\jboss\arquillian\core\arquillian-core-spi\1.0.3.Final\arquillian-core-spi-1.0.3.Final.jar;D:\ExtractedSoftwares\.m2\repository\org\jboss\arquillian\container\arquillian-container-test-api\1.0.3.Final\arquillian-container-test-api-1.0.3.Final.jar;D:\ExtractedSoftwares\.m2\repository\org\jboss\shrinkwrap\shrinkwrap-api\1.0.1\shrinkwrap-api-1.0.1.jar;D:\ExtractedSoftwares\.m2\repository\org\jboss\arquillian\container\arquillian-container-test-spi\1.0.3.Final\arquillian-container-test-spi-1.0.3.Final.jar;D:\ExtractedSoftwares\.m2\repository\org\jboss\arquillian\container\arquillian-container-spi\1.0.3.Final\arquillian-container-spi-1.0.3.Final.jar;D:\ExtractedSoftwares\.m2\repository\org\jboss\shrinkwrap\descriptors\shrinkwrap-descriptors-api-base\2.0.0-alpha-3\shrinkwrap-descriptors-api-base-2.0.0-alpha-3.jar;D:\ExtractedSoftwares\.m2\repository\org\jboss\arquillian\core\arquillian-core-impl-base\1.0.3.Final\arquillian-core-impl-base-1.0.3.Final.jar;D:\ExtractedSoftwares\.m2\repository\org\jboss\arquillian\test\arquillian-test-impl-base\1.0.3.Final\arquillian-test-impl-base-1.0.3.Final.jar;D:\ExtractedSoftwares\.m2\repository\org\jboss\arquillian\container\arquillian-container-impl-base\1.0.3.Final\arquillian-container-impl-base-1.0.3.Final.jar;D:\ExtractedSoftwares\.m2\repository\org\jboss\arquillian\config\arquillian-config-api\1.0.3.Final\arquillian-config-api-1.0.3.Final.jar;D:\ExtractedSoftwares\.m2\repository\org\jboss\arquillian\config\arquillian-config-impl-base\1.0.3.Final\arquillian-config-impl-base-1.0.3.Final.jar;D:\ExtractedSoftwares\.m2\repository\org\jboss\shrinkwrap\descriptors\shrinkwrap-descriptors-spi\2.0.0-alpha-3\shrinkwrap-descriptors-spi-2.0.0-alpha-3.jar;D:\ExtractedSoftwares\.m2\repository\org\jboss\arquillian\container\arquillian-container-test-impl-base\1.0.3.Final\arquillian-container-test-impl-base-1.0.3.Final.jar;D:\ExtractedSoftwares\.m2\repository\org\jboss\shrinkwrap\shrinkwrap-impl-base\1.0.1\shrinkwrap-impl-base-1.0.1.jar;D:\ExtractedSoftwares\.m2\repository\org\jboss\shrinkwrap\shrinkwrap-spi\1.0.1\shrinkwrap-spi-1.0.1.jar;D:\ExtractedSoftwares\.m2\repository\javax\jws\jsr181-api\1.0-MR1-redhat-6\jsr181-api-1.0-MR1-redhat-6.jar;D:\ExtractedSoftwares\.m2\repository\org\jboss\spec\javax\xml\ws\jboss-jaxws-api_2.2_spec\2.0.1.Final\jboss-jaxws-api_2.2_spec-2.0.1.Final.jar;"/>
    <property name="java.specification.name" value="Java Platform API Specification"/>
    <property name="java.class.version" value="52.0"/>
    <property name="sun.management.compiler" value="HotSpot 64-Bit Tiered Compilers"/>
    <property name="os.version" value="6.3"/>
    <property name="user.home" value="C:\Users\VA002150"/>
    <property name="user.timezone" value="America/Chicago"/>
    <property name="java.awt.printerjob" value="sun.awt.windows.WPrinterJob"/>
    <property name="java.specification.version" value="1.8"/>
    <property name="file.encoding" value="Cp1252"/>
    <property name="user.name" value="va002150"/>
    <property name="java.class.path" value="D:\eclipse-workspace\helloworld-ws\target\test-classes;D:\eclipse-workspace\helloworld-ws\target\classes;D:\ExtractedSoftwares\.m2\repository\javax\enterprise\cdi-api\1.0-SP4\cdi-api-1.0-SP4.jar;D:\ExtractedSoftwares\.m2\repository\org\jboss\spec\javax\interceptor\jboss-interceptors-api_1.1_spec\1.0.1.Final-redhat-2\jboss-interceptors-api_1.1_spec-1.0.1.Final-redhat-2.jar;D:\ExtractedSoftwares\.m2\repository\javax\annotation\jsr250-api\1.0\jsr250-api-1.0.jar;D:\ExtractedSoftwares\.m2\repository\javax\inject\javax.inject\1\javax.inject-1.jar;D:\ExtractedSoftwares\.m2\repository\junit\junit\4.11\junit-4.11.jar;D:\ExtractedSoftwares\.m2\repository\org\hamcrest\hamcrest-core\1.3\hamcrest-core-1.3.jar;D:\ExtractedSoftwares\.m2\repository\org\jboss\arquillian\junit\arquillian-junit-container\1.0.3.Final\arquillian-junit-container-1.0.3.Final.jar;D:\ExtractedSoftwares\.m2\repository\org\jboss\arquillian\junit\arquillian-junit-core\1.0.3.Final\arquillian-junit-core-1.0.3.Final.jar;D:\ExtractedSoftwares\.m2\repository\org\jboss\arquillian\test\arquillian-test-api\1.0.3.Final\arquillian-test-api-1.0.3.Final.jar;D:\ExtractedSoftwares\.m2\repository\org\jboss\arquillian\core\arquillian-core-api\1.0.3.Final\arquillian-core-api-1.0.3.Final.jar;D:\ExtractedSoftwares\.m2\repository\org\jboss\arquillian\test\arquillian-test-spi\1.0.3.Final\arquillian-test-spi-1.0.3.Final.jar;D:\ExtractedSoftwares\.m2\repository\org\jboss\arquillian\core\arquillian-core-spi\1.0.3.Final\arquillian-core-spi-1.0.3.Final.jar;D:\ExtractedSoftwares\.m2\repository\org\jboss\arquillian\container\arquillian-container-test-api\1.0.3.Final\arquillian-container-test-api-1.0.3.Final.jar;D:\ExtractedSoftwares\.m2\repository\org\jboss\shrinkwrap\shrinkwrap-api\1.0.1\shrinkwrap-api-1.0.1.jar;D:\ExtractedSoftwares\.m2\repository\org\jboss\arquillian\container\arquillian-container-test-spi\1.0.3.Final\arquillian-container-test-spi-1.0.3.Final.jar;D:\ExtractedSoftwares\.m2\repository\org\jboss\arquillian\container\arquillian-container-spi\1.0.3.Final\arquillian-container-spi-1.0.3.Final.jar;D:\ExtractedSoftwares\.m2\repository\org\jboss\shrinkwrap\descriptors\shrinkwrap-descriptors-api-base\2.0.0-alpha-3\shrinkwrap-descriptors-api-base-2.0.0-alpha-3.jar;D:\ExtractedSoftwares\.m2\repository\org\jboss\arquillian\core\arquillian-core-impl-base\1.0.3.Final\arquillian-core-impl-base-1.0.3.Final.jar;D:\ExtractedSoftwares\.m2\repository\org\jboss\arquillian\test\arquillian-test-impl-base\1.0.3.Final\arquillian-test-impl-base-1.0.3.Final.jar;D:\ExtractedSoftwares\.m2\repository\org\jboss\arquillian\container\arquillian-container-impl-base\1.0.3.Final\arquillian-container-impl-base-1.0.3.Final.jar;D:\ExtractedSoftwares\.m2\repository\org\jboss\arquillian\config\arquillian-config-api\1.0.3.Final\arquillian-config-api-1.0.3.Final.jar;D:\ExtractedSoftwares\.m2\repository\org\jboss\arquillian\config\arquillian-config-impl-base\1.0.3.Final\arquillian-config-impl-base-1.0.3.Final.jar;D:\ExtractedSoftwares\.m2\repository\org\jboss\shrinkwrap\descriptors\shrinkwrap-descriptors-spi\2.0.0-alpha-3\shrinkwrap-descriptors-spi-2.0.0-alpha-3.jar;D:\ExtractedSoftwares\.m2\repository\org\jboss\arquillian\container\arquillian-container-test-impl-base\1.0.3.Final\arquillian-container-test-impl-base-1.0.3.Final.jar;D:\ExtractedSoftwares\.m2\repository\org\jboss\shrinkwrap\shrinkwrap-impl-base\1.0.1\shrinkwrap-impl-base-1.0.1.jar;D:\ExtractedSoftwares\.m2\repository\org\jboss\shrinkwrap\shrinkwrap-spi\1.0.1\shrinkwrap-spi-1.0.1.jar;D:\ExtractedSoftwares\.m2\repository\javax\jws\jsr181-api\1.0-MR1-redhat-6\jsr181-api-1.0-MR1-redhat-6.jar;D:\ExtractedSoftwares\.m2\repository\org\jboss\spec\javax\xml\ws\jboss-jaxws-api_2.2_spec\2.0.1.Final\jboss-jaxws-api_2.2_spec-2.0.1.Final.jar;"/>
    <property name="java.vm.specification.version" value="1.8"/>
    <property name="sun.arch.data.model" value="64"/>
    <property name="java.home" value="C:\Program Files\Java\jdk1.8.0_45\jre"/>
    <property name="sun.java.command" value="C:\Users\VA002150\AppData\Local\Temp\1\surefirebooter5932230192992031962.jar C:\Users\VA002150\AppData\Local\Temp\1\surefire5219038962818203091tmp C:\Users\VA002150\AppData\Local\Temp\1\surefire6205911867649287063tmp"/>
    <property name="java.specification.vendor" value="Oracle Corporation"/>
    <property name="user.language" value="en"/>
    <property name="awt.toolkit" value="sun.awt.windows.WToolkit"/>
    <property name="java.vm.info" value="mixed mode"/>
    <property name="java.version" value="1.8.0_45"/>
    <property name="java.ext.dirs" value="C:\Program Files\Java\jdk1.8.0_45\jre\lib\ext;C:\Windows\Sun\Java\lib\ext"/>
    <property name="sun.boot.class.path" value="C:\Program Files\Java\jdk1.8.0_45\jre\lib\resources.jar;C:\Program Files\Java\jdk1.8.0_45\jre\lib\rt.jar;C:\Program Files\Java\jdk1.8.0_45\jre\lib\sunrsasign.jar;C:\Program Files\Java\jdk1.8.0_45\jre\lib\jsse.jar;C:\Program Files\Java\jdk1.8.0_45\jre\lib\jce.jar;C:\Program Files\Java\jdk1.8.0_45\jre\lib\charsets.jar;C:\Program Files\Java\jdk1.8.0_45\jre\lib\jfr.jar;C:\Program Files\Java\jdk1.8.0_45\jre\classes"/>
    <property name="java.vendor" value="Oracle Corporation"/>
    <property name="java.awt.headless" value="true"/>
    <property name="localRepository" value="D:\ExtractedSoftwares\.m2\repository"/>
    <property name="file.separator" value="\"/>
    <property name="java.vendor.url.bug" value="http://bugreport.sun.com/bugreport/"/>
    <property name="sun.cpu.endian" value="little"/>
    <property name="sun.io.unicode.encoding" value="UnicodeLittle"/>
    <property name="sun.desktop" value="windows"/>
    <property name="sun.cpu.isalist" value="amd64"/>
  </properties>
  <testcase classname="org.jboss.as.quickstarts.wshelloworld.ClientTest" name="testHello" time="0.006"/>
  <testcase classname="org.jboss.as.quickstarts.wshelloworld.ClientTest" name="testHelloName" time="0"/>
  <testcase classname="org.jboss.as.quickstarts.wshelloworld.ClientTest" name="testHelloNames" time="0.001"/>
</testsuite>